Flow report for p1
Fri Oct 22 05:38:38 2021
Quartus Prime Version 20.1.1 Build 720 11/11/2020 SJ Lite Edition


---------------------
; Table of Contents ;
---------------------
  1. Legal Notice
  2. Flow Summary
  3. Flow Settings
  4. Flow Non-Default Global Settings
  5. Flow Elapsed Time
  6. Flow OS Summary
  7. Flow Log
  8. Flow Messages
  9. Flow Suppressed Messages



----------------
; Legal Notice ;
----------------
Copyright (C) 2020  Intel Corporation. All rights reserved.
Your use of Intel Corporation's design tools, logic functions 
and other software and tools, and any partner logic 
functions, and any output files from any of the foregoing 
(including device programming or simulation files), and any 
associated documentation or information are expressly subject 
to the terms and conditions of the Intel Program License 
Subscription Agreement, the Intel Quartus Prime License Agreement,
the Intel FPGA IP License Agreement, or other applicable license
agreement, including, without limitation, that your use is for
the sole purpose of programming logic devices manufactured by
Intel and sold by Intel or its authorized distributors.  Please
refer to the applicable agreement for further details, at
https://fpgasoftware.intel.com/eula.



+---------------------------------------------------------------------------------+
; Flow Summary                                                                    ;
+-----------------------------------+---------------------------------------------+
; Flow Status                       ; Successful - Fri Oct 22 05:38:38 2021       ;
; Quartus Prime Version             ; 20.1.1 Build 720 11/11/2020 SJ Lite Edition ;
; Revision Name                     ; p1                                          ;
; Top-level Entity Name             ; mixing                                      ;
; Family                            ; Arria II GX                                 ;
; Logic utilization                 ; N/A                                         ;
;     Combinational ALUTs           ; 84                                          ;
;     Memory ALUTs                  ; 0                                           ;
;     Dedicated logic registers     ; 23                                          ;
; Total registers                   ; 23                                          ;
; Total pins                        ; 27                                          ;
; Total virtual pins                ; 0                                           ;
; Total block memory bits           ; 0                                           ;
; DSP block 18-bit elements         ; 0                                           ;
; Total GXB Receiver Channel PCS    ; 0                                           ;
; Total GXB Receiver Channel PMA    ; 0                                           ;
; Total GXB Transmitter Channel PCS ; 0                                           ;
; Total GXB Transmitter Channel PMA ; 0                                           ;
; Total PLLs                        ; 0                                           ;
; Total DLLs                        ; 0                                           ;
+-----------------------------------+---------------------------------------------+


+-----------------------------------------+
; Flow Settings                           ;
+-------------------+---------------------+
; Option            ; Setting             ;
+-------------------+---------------------+
; Start date & time ; 10/22/2021 05:38:30 ;
; Main task         ; Compilation         ;
; Revision Name     ; p1                  ;
+-------------------+---------------------+


+--------------------------------------------------------------------------------------------------------------------------------+
; Flow Non-Default Global Settings                                                                                               ;
+----------------------------------------+----------------------------------------+---------------+-------------+----------------+
; Assignment Name                        ; Value                                  ; Default Value ; Entity Name ; Section Id     ;
+----------------------------------------+----------------------------------------+---------------+-------------+----------------+
; COMPILER_SIGNATURE_ID                  ; 238390286186694.163487031002312        ; --            ; --          ; --             ;
; EDA_DESIGN_INSTANCE_NAME               ; tester                                 ; --            ; --          ; tester         ;
; EDA_NATIVELINK_SIMULATION_SETUP_SCRIPT ; tester.vhdl                            ; --            ; --          ; eda_simulation ;
; EDA_NATIVELINK_SIMULATION_TEST_BENCH   ; tester                                 ; --            ; --          ; eda_simulation ;
; EDA_OUTPUT_DATA_FORMAT                 ; Vhdl                                   ; --            ; --          ; eda_simulation ;
; EDA_SIMULATION_TOOL                    ; ModelSim-Altera (VHDL)                 ; <None>        ; --          ; --             ;
; EDA_TEST_BENCH_ENABLE_STATUS           ; TEST_BENCH_MODE                        ; --            ; --          ; eda_simulation ;
; EDA_TEST_BENCH_FILE                    ; tester.vhdl                            ; --            ; --          ; tester         ;
; EDA_TEST_BENCH_MODULE_NAME             ; tester                                 ; --            ; --          ; tester         ;
; EDA_TEST_BENCH_NAME                    ; tester                                 ; --            ; --          ; eda_simulation ;
; EDA_TEST_BENCH_RUN_SIM_FOR             ; 30 ms                                  ; --            ; --          ; tester         ;
; EDA_TIME_SCALE                         ; 1 ps                                   ; --            ; --          ; eda_simulation ;
; PARTITION_COLOR                        ; -- (Not supported for targeted family) ; --            ; mixing      ; Top            ;
; PARTITION_FITTER_PRESERVATION_LEVEL    ; -- (Not supported for targeted family) ; --            ; mixing      ; Top            ;
; PARTITION_NETLIST_TYPE                 ; -- (Not supported for targeted family) ; --            ; mixing      ; Top            ;
; PROJECT_OUTPUT_DIRECTORY               ; output_files                           ; --            ; --          ; --             ;
; TOP_LEVEL_ENTITY                       ; mixing                                 ; p1            ; --          ; --             ;
+----------------------------------------+----------------------------------------+---------------+-------------+----------------+


+--------------------------------------------------------------------------------------------------------------------------+
; Flow Elapsed Time                                                                                                        ;
+----------------------+--------------+-------------------------+---------------------+------------------------------------+
; Module Name          ; Elapsed Time ; Average Processors Used ; Peak Virtual Memory ; Total CPU Time (on all processors) ;
+----------------------+--------------+-------------------------+---------------------+------------------------------------+
; Analysis & Synthesis ; 00:00:08     ; 1.0                     ; 4853 MB             ; 00:00:19                           ;
; Total                ; 00:00:08     ; --                      ; --                  ; 00:00:19                           ;
+----------------------+--------------+-------------------------+---------------------+------------------------------------+


+------------------------------------------------------------------------------------+
; Flow OS Summary                                                                    ;
+----------------------+------------------+------------+------------+----------------+
; Module Name          ; Machine Hostname ; OS Name    ; OS Version ; Processor type ;
+----------------------+------------------+------------+------------+----------------+
; Analysis & Synthesis ; DESKTOP-6V7F3I7  ; Windows 10 ; 10.0       ; x86_64         ;
+----------------------+------------------+------------+------------+----------------+


------------
; Flow Log ;
------------
quartus_map --read_settings_files=on --write_settings_files=off conecter -c p1



