Analysis & Synthesis report for p1
Fri Oct 22 05:38:38 2021
Quartus Prime Version 20.1.1 Build 720 11/11/2020 SJ Lite Edition


---------------------
; Table of Contents ;
---------------------
  1. Legal Notice
  2. Analysis & Synthesis Summary
  3. Analysis & Synthesis Settings
  4. Parallel Compilation
  5. Analysis & Synthesis Source Files Read
  6. Analysis & Synthesis Resource Usage Summary
  7. Analysis & Synthesis Resource Utilization by Entity
  8. General Register Statistics
  9. Inverted Register Statistics
 10. Multiplexer Restructuring Statistics (Restructuring Performed)
 11. Post-Synthesis Netlist Statistics for Top Partition
 12. Elapsed Time Per Partition
 13. Analysis & Synthesis Messages



----------------
; Legal Notice ;
----------------
Copyright (C) 2020  Intel Corporation. All rights reserved.
Your use of Intel Corporation's design tools, logic functions 
and other software and tools, and any partner logic 
functions, and any output files from any of the foregoing 
(including device programming or simulation files), and any 
associated documentation or information are expressly subject 
to the terms and conditions of the Intel Program License 
Subscription Agreement, the Intel Quartus Prime License Agreement,
the Intel FPGA IP License Agreement, or other applicable license
agreement, including, without limitation, that your use is for
the sole purpose of programming logic devices manufactured by
Intel and sold by Intel or its authorized distributors.  Please
refer to the applicable agreement for further details, at
https://fpgasoftware.intel.com/eula.



+---------------------------------------------------------------------------------+
; Analysis & Synthesis Summary                                                    ;
+-----------------------------------+---------------------------------------------+
; Analysis & Synthesis Status       ; Successful - Fri Oct 22 05:38:38 2021       ;
; Quartus Prime Version             ; 20.1.1 Build 720 11/11/2020 SJ Lite Edition ;
; Revision Name                     ; p1                                          ;
; Top-level Entity Name             ; mixing                                      ;
; Family                            ; Arria II GX                                 ;
; Logic utilization                 ; N/A                                         ;
;     Combinational ALUTs           ; 84                                          ;
;     Memory ALUTs                  ; 0                                           ;
;     Dedicated logic registers     ; 23                                          ;
; Total registers                   ; 23                                          ;
; Total pins                        ; 27                                          ;
; Total virtual pins                ; 0                                           ;
; Total block memory bits           ; 0                                           ;
; DSP block 18-bit elements         ; 0                                           ;
; Total GXB Receiver Channel PCS    ; 0                                           ;
; Total GXB Receiver Channel PMA    ; 0                                           ;
; Total GXB Transmitter Channel PCS ; 0                                           ;
; Total GXB Transmitter Channel PMA ; 0                                           ;
; Total PLLs                        ; 0                                           ;
; Total DLLs                        ; 0                                           ;
+-----------------------------------+---------------------------------------------+


+---------------------------------------------------------------------------------------------------------------------------+
; Analysis & Synthesis Settings                                                                                             ;
+---------------------------------------------------------------------------------+--------------------+--------------------+
; Option                                                                          ; Setting            ; Default Value      ;
+---------------------------------------------------------------------------------+--------------------+--------------------+
; Top-level entity name                                                           ; mixing             ; p1                 ;
; Family name                                                                     ; Arria II GX        ; Cyclone V          ;
; Use smart compilation                                                           ; Off                ; Off                ;
; Enable parallel Assembler and Timing Analyzer during compilation                ; On                 ; On                 ;
; Enable compact report table                                                     ; Off                ; Off                ;
; Restructure Multiplexers                                                        ; Auto               ; Auto               ;
; MLAB Add Timing Constraints For Mixed-Port Feed-Through Mode Setting Don't Care ; Off                ; Off                ;
; Create Debugging Nodes for IP Cores                                             ; Off                ; Off                ;
; Preserve fewer node names                                                       ; On                 ; On                 ;
; Intel FPGA IP Evaluation Mode                                                   ; Enable             ; Enable             ;
; Verilog Version                                                                 ; Verilog_2001       ; Verilog_2001       ;
; VHDL Version                                                                    ; VHDL_1993          ; VHDL_1993          ;
; State Machine Processing                                                        ; Auto               ; Auto               ;
; Safe State Machine                                                              ; Off                ; Off                ;
; Extract Verilog State Machines                                                  ; On                 ; On                 ;
; Extract VHDL State Machines                                                     ; On                 ; On                 ;
; Ignore Verilog initial constructs                                               ; Off                ; Off                ;
; Iteration limit for constant Verilog loops                                      ; 5000               ; 5000               ;
; Iteration limit for non-constant Verilog loops                                  ; 250                ; 250                ;
; Add Pass-Through Logic to Inferred RAMs                                         ; On                 ; On                 ;
; Infer RAMs from Raw Logic                                                       ; On                 ; On                 ;
; Parallel Synthesis                                                              ; On                 ; On                 ;
; DSP Block Balancing                                                             ; Auto               ; Auto               ;
; NOT Gate Push-Back                                                              ; On                 ; On                 ;
; Power-Up Don't Care                                                             ; On                 ; On                 ;
; Remove Redundant Logic Cells                                                    ; Off                ; Off                ;
; Remove Duplicate Registers                                                      ; On                 ; On                 ;
; Ignore CARRY Buffers                                                            ; Off                ; Off                ;
; Ignore CASCADE Buffers                                                          ; Off                ; Off                ;
; Ignore GLOBAL Buffers                                                           ; Off                ; Off                ;
; Ignore ROW GLOBAL Buffers                                                       ; Off                ; Off                ;
; Ignore LCELL Buffers                                                            ; Off                ; Off                ;
; Ignore SOFT Buffers                                                             ; On                 ; On                 ;
; Limit AHDL Integers to 32 Bits                                                  ; Off                ; Off                ;
; Optimization Technique                                                          ; Balanced           ; Balanced           ;
; Carry Chain Length                                                              ; 70                 ; 70                 ;
; Auto Carry Chains                                                               ; On                 ; On                 ;
; Auto Open-Drain Pins                                                            ; On                 ; On                 ;
; Perform WYSIWYG Primitive Resynthesis                                           ; Off                ; Off                ;
; Auto ROM Replacement                                                            ; On                 ; On                 ;
; Auto RAM Replacement                                                            ; On                 ; On                 ;
; Auto DSP Block Replacement                                                      ; On                 ; On                 ;
; Auto Shift Register Replacement                                                 ; Auto               ; Auto               ;
; Allow Shift Register Merging across Hierarchies                                 ; Auto               ; Auto               ;
; Auto Clock Enable Replacement                                                   ; On                 ; On                 ;
; Strict RAM Replacement                                                          ; Off                ; Off                ;
; Allow Synchronous Control Signals                                               ; On                 ; On                 ;
; Force Use of Synchronous Clear Signals                                          ; Off                ; Off                ;
; Auto RAM Block Balancing                                                        ; On                 ; On                 ;
; Auto RAM to Logic Cell Conversion                                               ; Off                ; Off                ;
; Auto Resource Sharing                                                           ; Off                ; Off                ;
; Allow Any RAM Size For Recognition                                              ; Off                ; Off                ;
; Allow Any ROM Size For Recognition                                              ; Off                ; Off                ;
; Allow Any Shift Register Size For Recognition                                   ; Off                ; Off                ;
; Use LogicLock Constraints during Resource Balancing                             ; On                 ; On                 ;
; Ignore translate_off and synthesis_off directives                               ; Off                ; Off                ;
; Timing-Driven Synthesis                                                         ; On                 ; On                 ;
; Report Parameter Settings                                                       ; On                 ; On                 ;
; Report Source Assignments                                                       ; On                 ; On                 ;
; Report Connectivity Checks                                                      ; On                 ; On                 ;
; Ignore Maximum Fan-Out Assignments                                              ; Off                ; Off                ;
; Synchronization Register Chain Length                                           ; 3                  ; 3                  ;
; Power Optimization During Synthesis                                             ; Normal compilation ; Normal compilation ;
; HDL message level                                                               ; Level2             ; Level2             ;
; Suppress Register Optimization Related Messages                                 ; Off                ; Off                ;
; Number of Removed Registers Reported in Synthesis Report                        ; 5000               ; 5000               ;
; Number of Swept Nodes Reported in Synthesis Report                              ; 5000               ; 5000               ;
; Number of Inverted Registers Reported in Synthesis Report                       ; 100                ; 100                ;
; Clock MUX Protection                                                            ; On                 ; On                 ;
; Auto Gated Clock Conversion                                                     ; Off                ; Off                ;
; Block Design Naming                                                             ; Auto               ; Auto               ;
; SDC constraint protection                                                       ; Off                ; Off                ;
; Synthesis Effort                                                                ; Auto               ; Auto               ;
; Shift Register Replacement - Allow Asynchronous Clear Signal                    ; On                 ; On                 ;
; Pre-Mapping Resynthesis Optimization                                            ; Off                ; Off                ;
; Analysis & Synthesis Message Level                                              ; Medium             ; Medium             ;
; Disable Register Merging Across Hierarchies                                     ; Auto               ; Auto               ;
; Resource Aware Inference For Block RAM                                          ; On                 ; On                 ;
+---------------------------------------------------------------------------------+--------------------+--------------------+


+------------------------------------------+
; Parallel Compilation                     ;
+----------------------------+-------------+
; Processors                 ; Number      ;
+----------------------------+-------------+
; Number detected on machine ; 8           ;
; Maximum allowed            ; 4           ;
;                            ;             ;
; Average used               ; 1.00        ;
; Maximum used               ; 4           ;
;                            ;             ;
; Usage by Processor         ; % Time Used ;
;     Processor 1            ; 100.0%      ;
;     Processors 2-4         ;   0.0%      ;
+----------------------------+-------------+


+--------------------------------------------------------------------------------------------------------------------------------------+
; Analysis & Synthesis Source Files Read                                                                                               ;
+----------------------------------+-----------------+-----------------+-----------------------------------------------------+---------+
; File Name with User-Entered Path ; Used in Netlist ; File Type       ; File Name with Absolute Path                        ; Library ;
+----------------------------------+-----------------+-----------------+-----------------------------------------------------+---------+
; mixing.vhdl                      ; yes             ; User VHDL File  ; C:/Users/grigo/quartus/conecter/mixing.vhdl         ;         ;
; lab_1_regist.vhdl                ; yes             ; User VHDL File  ; C:/Users/grigo/quartus/conecter/lab_1_regist.vhdl   ;         ;
; lab_1_counter8.vhdl              ; yes             ; User VHDL File  ; C:/Users/grigo/quartus/conecter/lab_1_counter8.vhdl ;         ;
+----------------------------------+-----------------+-----------------+-----------------------------------------------------+---------+


+-------------------------------------------------------------+
; Analysis & Synthesis Resource Usage Summary                 ;
+-----------------------------------------------+-------------+
; Resource                                      ; Usage       ;
+-----------------------------------------------+-------------+
; Estimated ALUTs Used                          ; 84          ;
;     -- Combinational ALUTs                    ; 84          ;
;     -- Memory ALUTs                           ; 0           ;
;     -- LUT_REGs                               ; 0           ;
; Dedicated logic registers                     ; 23          ;
;                                               ;             ;
; Estimated ALUTs Unavailable                   ; 22          ;
;     -- Due to unpartnered combinational logic ; 22          ;
;     -- Due to Memory ALUTs                    ; 0           ;
;                                               ;             ;
; Total combinational functions                 ; 84          ;
; Combinational ALUT usage by number of inputs  ;             ;
;     -- 7 input functions                      ; 0           ;
;     -- 6 input functions                      ; 22          ;
;     -- 5 input functions                      ; 6           ;
;     -- 4 input functions                      ; 8           ;
;     -- <=3 input functions                    ; 48          ;
;                                               ;             ;
; Combinational ALUTs by mode                   ;             ;
;     -- normal mode                            ; 51          ;
;     -- extended LUT mode                      ; 0           ;
;     -- arithmetic mode                        ; 33          ;
;     -- shared arithmetic mode                 ; 0           ;
;                                               ;             ;
; Estimated ALUT/register pairs used            ; 106         ;
;                                               ;             ;
; Total registers                               ; 23          ;
;     -- Dedicated logic registers              ; 23          ;
;     -- I/O registers                          ; 0           ;
;     -- LUT_REGs                               ; 0           ;
;                                               ;             ;
;                                               ;             ;
; I/O pins                                      ; 27          ;
;                                               ;             ;
; DSP block 18-bit elements                     ; 0           ;
;                                               ;             ;
; Maximum fan-out node                          ; clock~input ;
; Maximum fan-out                               ; 23          ;
; Total fan-out                                 ; 408         ;
; Average fan-out                               ; 2.53        ;
+-----------------------------------------------+-------------+


+----------------------------------------------------------------------------------------------------------------------------------------------------------------------------------------------------------------------------------------------+
; Analysis & Synthesis Resource Utilization by Entity                                                                                                                                                                                          ;
+----------------------------+---------------------+---------------------------+-------------------+--------------+---------+-----------+-----------+-----------+------+--------------+---------------------------+-------------+--------------+
; Compilation Hierarchy Node ; Combinational ALUTs ; Dedicated Logic Registers ; Block Memory Bits ; DSP Elements ; DSP 9x9 ; DSP 12x12 ; DSP 18x18 ; DSP 36x36 ; Pins ; Virtual Pins ; Full Hierarchy Name       ; Entity Name ; Library Name ;
+----------------------------+---------------------+---------------------------+-------------------+--------------+---------+-----------+-----------+-----------+------+--------------+---------------------------+-------------+--------------+
; |mixing                    ; 84 (0)              ; 23 (0)                    ; 0                 ; 0            ; 0       ; 0         ; 0         ; 0         ; 27   ; 0            ; |mixing                   ; mixing      ; work         ;
;    |counter8:conect_1|     ; 76 (76)             ; 15 (15)                   ; 0                 ; 0            ; 0       ; 0         ; 0         ; 0         ; 0    ; 0            ; |mixing|counter8:conect_1 ; counter8    ; work         ;
;    |regist:conect_2|       ; 8 (8)               ; 8 (8)                     ; 0                 ; 0            ; 0       ; 0         ; 0         ; 0         ; 0    ; 0            ; |mixing|regist:conect_2   ; regist      ; work         ;
+----------------------------+---------------------+---------------------------+-------------------+--------------+---------+-----------+-----------+-----------+------+--------------+---------------------------+-------------+--------------+
Note: For table entries with two numbers listed, the numbers in parentheses indicate the number of resources of the given type used by the specific entity alone. The numbers listed outside of parentheses indicate the total resources of the given type used by the specific entity and all of its sub-entities in the hierarchy.


+------------------------------------------------------+
; General Register Statistics                          ;
+----------------------------------------------+-------+
; Statistic                                    ; Value ;
+----------------------------------------------+-------+
; Total registers                              ; 23    ;
; Number of registers using Synchronous Clear  ; 0     ;
; Number of registers using Synchronous Load   ; 0     ;
; Number of registers using Asynchronous Clear ; 23    ;
; Number of registers using Asynchronous Load  ; 0     ;
; Number of registers using Clock Enable       ; 17    ;
; Number of registers using Preset             ; 0     ;
+----------------------------------------------+-------+


+--------------------------------------------------+
; Inverted Register Statistics                     ;
+----------------------------------------+---------+
; Inverted Register                      ; Fan out ;
+----------------------------------------+---------+
; counter8:conect_1|count[0]             ; 8       ;
; counter8:conect_1|count[1]             ; 8       ;
; counter8:conect_1|count[2]             ; 8       ;
; counter8:conect_1|count[3]             ; 9       ;
; counter8:conect_1|count[4]             ; 9       ;
; counter8:conect_1|count[5]             ; 10      ;
; counter8:conect_1|count[6]             ; 12      ;
; counter8:conect_1|count[7]             ; 12      ;
; counter8:conect_1|count[8]             ; 7       ;
; Total number of inverted registers = 9 ;         ;
+----------------------------------------+---------+


+--------------------------------------------------------------------------------------------------------------------------------------------------+
; Multiplexer Restructuring Statistics (Restructuring Performed)                                                                                   ;
+--------------------+-----------+---------------+----------------------+------------------------+------------+------------------------------------+
; Multiplexer Inputs ; Bus Width ; Baseline Area ; Area if Restructured ; Saving if Restructured ; Registered ; Example Multiplexer Output         ;
+--------------------+-----------+---------------+----------------------+------------------------+------------+------------------------------------+
; 5:1                ; 7 bits    ; 21 ALUTs      ; 14 ALUTs             ; 7 ALUTs                ; Yes        ; |mixing|counter8:conect_1|count[1] ;
+--------------------+-----------+---------------+----------------------+------------------------+------------+------------------------------------+


+-----------------------------------------------------+
; Post-Synthesis Netlist Statistics for Top Partition ;
+-----------------------+-----------------------------+
; Type                  ; Count                       ;
+-----------------------+-----------------------------+
; arriaii_ff            ; 23                          ;
;     CLR               ; 6                           ;
;     ENA CLR           ; 17                          ;
; boundary_port         ; 27                          ;
; stratixiv_lcell_comb  ; 92                          ;
;     arith             ; 33                          ;
;         1 data inputs ; 33                          ;
;     normal            ; 59                          ;
;         1 data inputs ; 16                          ;
;         2 data inputs ; 6                           ;
;         3 data inputs ; 1                           ;
;         4 data inputs ; 8                           ;
;         5 data inputs ; 6                           ;
;         6 data inputs ; 22                          ;
;                       ;                             ;
; Max LUT depth         ; 5.10                        ;
; Average LUT depth     ; 3.08                        ;
+-----------------------+-----------------------------+


+-------------------------------+
; Elapsed Time Per Partition    ;
+----------------+--------------+
; Partition Name ; Elapsed Time ;
+----------------+--------------+
; Top            ; 00:00:00     ;
+----------------+--------------+


+-------------------------------+
; Analysis & Synthesis Messages ;
+-------------------------------+
Info: *******************************************************************
Info: Running Quartus Prime Analysis & Synthesis
    Info: Version 20.1.1 Build 720 11/11/2020 SJ Lite Edition
    Info: Processing started: Fri Oct 22 05:38:30 2021
Info: Command: quartus_map --read_settings_files=on --write_settings_files=off conecter -c p1
Warning (18236): Number of processors has not been specified which may cause overloading on shared machines.  Set the global assignment NUM_PARALLEL_PROCESSORS in your QSF to an appropriate value for best performance.
Info (20030): Parallel compilation is enabled and will use 4 of the 4 processors detected
Info (12021): Found 2 design units, including 1 entities, in source file tester.vhdl
    Info (12022): Found design unit 1: tester-testbench File: C:/Users/grigo/quartus/conecter/tester.vhdl Line: 10
    Info (12023): Found entity 1: tester File: C:/Users/grigo/quartus/conecter/tester.vhdl Line: 7
Info (12021): Found 2 design units, including 1 entities, in source file mixing.vhdl
    Info (12022): Found design unit 1: mixing-mix_behavior File: C:/Users/grigo/quartus/conecter/mixing.vhdl Line: 20
    Info (12023): Found entity 1: mixing File: C:/Users/grigo/quartus/conecter/mixing.vhdl Line: 8
Info (12021): Found 2 design units, including 1 entities, in source file lab_1_regist.vhdl
    Info (12022): Found design unit 1: regist-r_behavior File: C:/Users/grigo/quartus/conecter/lab_1_regist.vhdl Line: 17
    Info (12023): Found entity 1: regist File: C:/Users/grigo/quartus/conecter/lab_1_regist.vhdl Line: 7
Info (12021): Found 2 design units, including 1 entities, in source file lab_1_counter8.vhdl
    Info (12022): Found design unit 1: counter8-counter_behavior File: C:/Users/grigo/quartus/conecter/lab_1_counter8.vhdl Line: 18
    Info (12023): Found entity 1: counter8 File: C:/Users/grigo/quartus/conecter/lab_1_counter8.vhdl Line: 7
Info (12127): Elaborating entity "mixing" for the top level hierarchy
Info (12128): Elaborating entity "counter8" for hierarchy "counter8:conect_1" File: C:/Users/grigo/quartus/conecter/mixing.vhdl Line: 50
Info (12128): Elaborating entity "regist" for hierarchy "regist:conect_2" File: C:/Users/grigo/quartus/conecter/mixing.vhdl Line: 60
Info (286030): Timing-Driven Synthesis is running
Info (16010): Generating hard_block partition "hard_block:auto_generated_inst"
    Info (16011): Adding 0 node(s), including 0 DDIO, 0 PLL, 0 transceiver and 0 LCELL
Info (21057): Implemented 112 device resources after synthesis - the final resource count might be different
    Info (21058): Implemented 11 input pins
    Info (21059): Implemented 16 output pins
    Info (21061): Implemented 85 logic cells
Info: Quartus Prime Analysis & Synthesis was successful. 0 errors, 1 warning
    Info: Peak virtual memory: 4853 megabytes
    Info: Processing ended: Fri Oct 22 05:38:38 2021
    Info: Elapsed time: 00:00:08
    Info: Total CPU time (on all processors): 00:00:19


